GROUP,PACKAGE,CLASS,INSTRUCTION_MISSED,INSTRUCTION_COVERED,BRANCH_MISSED,BRANCH_COVERED,LINE_MISSED,LINE_COVERED,COMPLEXITY_MISSED,COMPLEXITY_COVERED,METHOD_MISSED,METHOD_COVERED
spotbugs-maven-plugin,com.github.spotbugs.spotbugs_maven_plugin,HelpMojo,99,674,28,84,21,135,24,48,0,16
spotbugs-maven-plugin,org.codehaus.mojo.spotbugs,XDocsReporter._generateReport_closure1._closure2._closure3,0,87,0,4,0,9,0,5,0,3
spotbugs-maven-plugin,org.codehaus.mojo.spotbugs,ResourceHelper,5,355,2,20,0,38,2,14,0,5
spotbugs-maven-plugin,org.codehaus.mojo.spotbugs,SpotBugsMojo._containsJdkClasses_closure15,0,18,0,0,0,1,0,3,0,3
spotbugs-maven-plugin,org.codehaus.mojo.spotbugs,XDocsReporter._generateReport_closure1._closure2._closure4,0,66,0,2,0,3,0,4,0,3
spotbugs-maven-plugin,org.codehaus.mojo.spotbugs,XDocsReporter._generateReport_closure1._closure2._closure5,0,36,0,0,0,3,0,3,0,3
spotbugs-maven-plugin,org.codehaus.mojo.spotbugs,XDocsReporter._generateReport_closure1._closure2._closure6,0,48,1,3,0,6,1,4,0,3
spotbugs-maven-plugin,org.codehaus.mojo.spotbugs,SourceFileIndexer,5,322,7,27,0,44,7,14,0,4
spotbugs-maven-plugin,org.codehaus.mojo.spotbugs,SpotBugsMojo._executeSpotbugs_closure20,30,0,0,0,1,0,3,0,3,0
spotbugs-maven-plugin,org.codehaus.mojo.spotbugs,SpotBugsAggregateMojo._buildAggregatedXml_closure8._closure10._closure11._closure14,0,11,0,0,0,1,0,3,0,3
spotbugs-maven-plugin,org.codehaus.mojo.spotbugs,BaseViolationCheckMojo._execute_closure1,2,109,4,14,0,11,4,8,0,3
spotbugs-maven-plugin,org.codehaus.mojo.spotbugs,SpotBugsGui._execute_closure2._closure3,19,0,2,0,3,0,4,0,3,0
spotbugs-maven-plugin,org.codehaus.mojo.spotbugs,SpotBugsMojo._executeSpotbugs_closure24,18,0,0,0,1,0,3,0,3,0
spotbugs-maven-plugin,org.codehaus.mojo.spotbugs,SpotBugsPluginsTrait.Trait.Helper._getSpotbugsPlugins_closure1,39,71,3,3,2,5,3,3,0,3
spotbugs-maven-plugin,org.codehaus.mojo.spotbugs,SpotBugsMojo._executeSpotbugs_closure23,19,0,0,0,1,0,3,0,3,0
spotbugs-maven-plugin,org.codehaus.mojo.spotbugs,SpotBugsPluginsTrait.Trait.Helper._getSpotbugsPlugins_closure2,165,0,8,0,11,0,7,0,3,0
spotbugs-maven-plugin,org.codehaus.mojo.spotbugs,SpotBugsMojo._executeSpotbugs_closure22,15,0,0,0,1,0,3,0,3,0
spotbugs-maven-plugin,org.codehaus.mojo.spotbugs,SpotBugsMojo._executeSpotbugs_closure21,30,0,0,0,1,0,3,0,3,0
spotbugs-maven-plugin,org.codehaus.mojo.spotbugs,SpotBugsPluginsTrait.Trait.Helper._getSpotbugsPlugins_closure3,7,7,0,0,1,0,1,2,1,2
spotbugs-maven-plugin,org.codehaus.mojo.spotbugs,SpotBugsPluginsTrait.Trait.Helper._getSpotbugsPlugins_closure4,2,113,5,13,0,8,5,7,0,3
spotbugs-maven-plugin,org.codehaus.mojo.spotbugs,SpotBugsMojo._executeSpotbugs_closure19,13,0,0,0,1,0,3,0,3,0
spotbugs-maven-plugin,org.codehaus.mojo.spotbugs,SpotBugsMojo._executeSpotbugs_closure18,13,0,0,0,1,0,3,0,3,0
spotbugs-maven-plugin,org.codehaus.mojo.spotbugs,ResourceHelper._getResourceAsFile_closure1._closure2._closure3._closure4,0,18,0,0,0,1,0,3,0,3
spotbugs-maven-plugin,org.codehaus.mojo.spotbugs,SpotBugsMojo._executeSpotbugs_closure20._closure26,18,0,0,0,1,0,3,0,3,0
spotbugs-maven-plugin,org.codehaus.mojo.spotbugs,ResourceHelper._getResourceAsFile_closure1._closure2,0,32,0,0,0,1,0,3,0,3
spotbugs-maven-plugin,org.codehaus.mojo.spotbugs,SpotbugsReportGenerator._printBug_closure2,2,227,1,7,1,32,1,6,0,3
spotbugs-maven-plugin,org.codehaus.mojo.spotbugs,SpotBugsPluginsTrait.Trait.Helper._buildBugTypeUrlMap_closure8._closure9,2,75,1,3,0,7,1,4,0,3
spotbugs-maven-plugin,org.codehaus.mojo.spotbugs,XDocsReporter._generateReport_closure1._closure2._closure4._closure7._closure8,3,151,2,4,1,10,2,4,0,3
spotbugs-maven-plugin,org.codehaus.mojo.spotbugs,SpotBugsAggregateMojo._buildAggregatedXml_closure8._closure10._closure13,0,23,0,0,0,1,0,3,0,3
spotbugs-maven-plugin,org.codehaus.mojo.spotbugs,SpotBugsAggregateMojo._buildAggregatedXml_closure8._closure10._closure12,0,17,0,0,0,1,0,3,0,3
spotbugs-maven-plugin,org.codehaus.mojo.spotbugs,BaseViolationCheckMojo._walkFiles_closure2._closure6,0,22,0,0,0,1,0,3,0,3
spotbugs-maven-plugin,org.codehaus.mojo.spotbugs,SpotBugsMojo._executeSpotbugs_closure17,84,0,2,0,3,0,4,0,3,0
spotbugs-maven-plugin,org.codehaus.mojo.spotbugs,SpotBugsMojo._executeSpotbugs_closure16,11,0,0,0,1,0,3,0,3,0
spotbugs-maven-plugin,org.codehaus.mojo.spotbugs,BaseViolationCheckMojo._printBugs_closure5,0,23,0,0,0,1,0,3,0,3
spotbugs-maven-plugin,org.codehaus.mojo.spotbugs,SpotBugsAggregateMojo._buildAggregatedXml_closure8._closure10._closure13._closure16._closure17,0,12,0,0,0,1,0,3,0,3
spotbugs-maven-plugin,org.codehaus.mojo.spotbugs,XDocsReporter,14,161,2,26,1,25,2,16,0,4
spotbugs-maven-plugin,org.codehaus.mojo.spotbugs,SpotBugsPluginsTrait.Trait.Helper._isSpotBugsPlugin_closure5,0,17,0,2,0,1,0,4,0,3
spotbugs-maven-plugin,org.codehaus.mojo.spotbugs,SpotbugsReportGenerator,83,1114,10,26,8,193,9,22,0,13
spotbugs-maven-plugin,org.codehaus.mojo.spotbugs,SpotBugsMojo._getSpotbugsArgs_closure12,27,0,0,0,1,0,3,0,3,0
spotbugs-maven-plugin,org.codehaus.mojo.spotbugs,SpotBugsMojo._getSpotbugsArgs_closure11,0,27,0,0,0,1,0,3,0,3
spotbugs-maven-plugin,org.codehaus.mojo.spotbugs,SpotBugsMojo._getSpotbugsArgs_closure10,36,0,0,0,2,0,3,0,3,0
spotbugs-maven-plugin,org.codehaus.mojo.spotbugs,SpotBugsInfo,0,111,0,0,0,2,0,1,0,1
spotbugs-maven-plugin,org.codehaus.mojo.spotbugs,SpotBugsPluginsTrait.Trait.Helper._buildBugTypeUrlMap_closure8._closure9._closure10,2,44,1,1,1,3,1,3,0,3
spotbugs-maven-plugin,org.codehaus.mojo.spotbugs,SpotbugsReportGenerator._assembleJxrHyperlink_closure3,37,37,3,1,2,3,2,3,0,3
spotbugs-maven-plugin,org.codehaus.mojo.spotbugs,SpotbugsReportGenerator._assembleJxrHyperlink_closure4,74,0,4,0,5,0,5,0,3,0
spotbugs-maven-plugin,org.codehaus.mojo.spotbugs,BaseViolationCheckMojo._walkFiles_closure4._closure7,0,22,0,0,0,1,0,3,0,3
spotbugs-maven-plugin,org.codehaus.mojo.spotbugs,SpotBugsMojo,2333,1037,205,117,253,177,125,59,5,18
spotbugs-maven-plugin,org.codehaus.mojo.spotbugs,ResourceHelper._getResourceAsFile_closure1,0,24,0,0,0,1,0,3,0,3
spotbugs-maven-plugin,org.codehaus.mojo.spotbugs,SpotBugsAggregateMojo,326,332,30,10,35,50,17,13,0,10
spotbugs-maven-plugin,org.codehaus.mojo.spotbugs,BaseViolationCheckMojo,14,632,8,56,0,69,8,29,0,5
spotbugs-maven-plugin,org.codehaus.mojo.spotbugs,SpotBugsMojo._containsJdkClasses_closure15._closure25,0,34,2,6,0,1,2,5,0,3
spotbugs-maven-plugin,org.codehaus.mojo.spotbugs,SpotBugsAggregateMojo._buildAggregatedXml_closure8._closure10._closure13._closure16,0,18,0,0,0,1,0,3,0,3
spotbugs-maven-plugin,org.codehaus.mojo.spotbugs,SpotBugsAggregateMojo._buildAggregatedXml_closure8._closure10,0,131,0,0,0,4,0,3,0,3
spotbugs-maven-plugin,org.codehaus.mojo.spotbugs,XDocsReporter._generateReport_closure1._closure2,0,88,0,2,0,7,0,4,0,3
spotbugs-maven-plugin,org.codehaus.mojo.spotbugs,SpotBugsMojo._createSpotbugsAuxClasspathFile_closure14,14,0,0,0,1,0,3,0,3,0
spotbugs-maven-plugin,org.codehaus.mojo.spotbugs,SpotBugsMojo._createSpotbugsAuxClasspathFile_closure13,23,34,1,5,1,6,1,5,0,3
spotbugs-maven-plugin,org.codehaus.mojo.spotbugs,SpotBugsAggregateMojo._buildAggregatedXml_closure8._closure10._closure11,0,30,0,0,0,2,0,3,0,3
spotbugs-maven-plugin,org.codehaus.mojo.spotbugs,XDocsReporter._generateReport_closure1,0,85,0,2,0,5,0,4,0,3
spotbugs-maven-plugin,org.codehaus.mojo.spotbugs,XDocsReporter._generateReport_closure1._closure2._closure4._closure7,0,24,0,0,0,1,0,3,0,3
spotbugs-maven-plugin,org.codehaus.mojo.spotbugs,SpotBugsAggregateMojo._buildAggregatedXml_closure3._closure9,0,41,1,5,0,4,1,5,0,3
spotbugs-maven-plugin,org.codehaus.mojo.spotbugs,SpotBugsMojo._executeSpotbugs_closure21._closure27,18,0,0,0,1,0,3,0,3,0
spotbugs-maven-plugin,org.codehaus.mojo.spotbugs,SpotBugsPluginsTrait.Trait.Helper._buildBugTypeUrlMap_closure6,2,36,3,3,1,4,3,3,0,3
spotbugs-maven-plugin,org.codehaus.mojo.spotbugs,SpotBugsGui._execute_closure2,16,0,0,0,1,0,3,0,3,0
spotbugs-maven-plugin,org.codehaus.mojo.spotbugs,SpotBugsGui,341,93,30,10,40,13,21,5,4,2
spotbugs-maven-plugin,org.codehaus.mojo.spotbugs,SpotBugsAggregateMojo._buildAggregatedXml_closure2,117,95,6,4,4,5,5,3,0,3
spotbugs-maven-plugin,org.codehaus.mojo.spotbugs,SpotBugsMojo._canGenerateReport_closure1,0,47,2,10,0,3,2,7,0,3
spotbugs-maven-plugin,org.codehaus.mojo.spotbugs,SpotBugsAggregateMojo._buildAggregatedXml_closure3,0,24,0,0,0,1,0,3,0,3
spotbugs-maven-plugin,org.codehaus.mojo.spotbugs,SpotBugsAggregateMojo._buildAggregatedXml_closure4,0,11,0,0,0,1,0,3,0,3
spotbugs-maven-plugin,org.codehaus.mojo.spotbugs,SpotBugsAggregateMojo._buildAggregatedXml_closure5,2,23,1,1,0,2,1,3,0,3
spotbugs-maven-plugin,org.codehaus.mojo.spotbugs,SpotBugsMojo._canGenerateReport_closure2,0,11,0,0,0,1,0,3,0,3
spotbugs-maven-plugin,org.codehaus.mojo.spotbugs,SpotBugsAggregateMojo._buildAggregatedXml_closure6,2,23,1,1,0,2,1,3,0,3
spotbugs-maven-plugin,org.codehaus.mojo.spotbugs,SpotBugsAggregateMojo._buildAggregatedXml_closure7,2,23,1,1,0,2,1,3,0,3
spotbugs-maven-plugin,org.codehaus.mojo.spotbugs,SpotBugsAggregateMojo._buildAggregatedXml_closure8._closure10._closure12._closure15,0,12,0,0,0,1,0,3,0,3
spotbugs-maven-plugin,org.codehaus.mojo.spotbugs,SpotBugsMojo._getSpotbugsArgs_closure4,35,0,2,0,2,0,4,0,3,0
spotbugs-maven-plugin,org.codehaus.mojo.spotbugs,SpotBugsAggregateMojo._buildAggregatedXml_closure8,0,52,0,0,0,1,0,3,0,3
spotbugs-maven-plugin,org.codehaus.mojo.spotbugs,SpotBugsMojo._getSpotbugsArgs_closure5,36,0,0,0,2,0,3,0,3,0
spotbugs-maven-plugin,org.codehaus.mojo.spotbugs,SpotBugsMojo._getSpotbugsArgs_closure6,36,0,0,0,2,0,3,0,3,0
spotbugs-maven-plugin,org.codehaus.mojo.spotbugs,SpotBugsMojo._getSpotbugsArgs_closure7,36,0,0,0,2,0,3,0,3,0
spotbugs-maven-plugin,org.codehaus.mojo.spotbugs,SpotBugsMojo._getSpotbugsArgs_closure8,36,0,0,0,2,0,3,0,3,0
spotbugs-maven-plugin,org.codehaus.mojo.spotbugs,SpotBugsMojo._getSpotbugsArgs_closure9,36,0,0,0,2,0,3,0,3,0
spotbugs-maven-plugin,org.codehaus.mojo.spotbugs,XDocsReporter._generateReport_closure1._closure2._closure4._closure7._closure8._closure9,0,16,0,0,0,1,0,3,0,3
spotbugs-maven-plugin,org.codehaus.mojo.spotbugs,BaseViolationCheckMojo._walkFiles_closure4,0,24,0,0,0,1,0,3,0,3
spotbugs-maven-plugin,org.codehaus.mojo.spotbugs,BaseViolationCheckMojo._walkFiles_closure2,0,24,0,0,0,1,0,3,0,3
spotbugs-maven-plugin,org.codehaus.mojo.spotbugs,BaseViolationCheckMojo._walkFiles_closure3,0,19,0,0,0,1,0,3,0,3
spotbugs-maven-plugin,org.codehaus.mojo.spotbugs,SpotBugsGui._execute_closure1,11,0,0,0,1,0,3,0,3,0
spotbugs-maven-plugin,org.codehaus.mojo.spotbugs,XDocsReporter._generateReport_closure1._closure2._closure6._closure13,0,39,0,2,0,3,0,4,0,3
spotbugs-maven-plugin,org.codehaus.mojo.spotbugs,XDocsReporter._generateReport_closure1._closure2._closure6._closure12,0,39,0,2,0,3,0,4,0,3
spotbugs-maven-plugin,org.codehaus.mojo.spotbugs,ResourceHelper._getResourceAsFile_closure1._closure2._closure3,0,24,0,0,0,1,0,3,0,3
spotbugs-maven-plugin,org.codehaus.mojo.spotbugs,SpotbugsReportGenerator._printFilesSummary_closure5,2,74,1,1,1,14,1,3,0,3
spotbugs-maven-plugin,org.codehaus.mojo.spotbugs,XDocsReporter._generateReport_closure1._closure2._closure5._closure11,0,12,0,0,0,1,0,3,0,3
spotbugs-maven-plugin,org.codehaus.mojo.spotbugs,XDocsReporter._generateReport_closure1._closure2._closure5._closure10,0,13,0,0,0,1,0,3,0,3
spotbugs-maven-plugin,org.codehaus.mojo.spotbugs,SpotBugsMojo._isJxrPluginEnabled_closure3,0,59,1,3,0,5,1,4,0,3
spotbugs-maven-plugin,org.codehaus.mojo.spotbugs,SpotbugsReportGenerator._printBody_closure1,0,39,0,2,0,3,0,4,0,3
spotbugs-maven-plugin,org.codehaus.mojo.spotbugs,SpotBugsAggregateMojo._canGenerateReport_closure1,0,31,0,4,0,2,0,5,0,3
spotbugs-maven-plugin,org.codehaus.mojo.spotbugs,SpotBugsPluginsTrait.Trait.Helper._buildBugTypeUrlMap_closure8,42,71,0,0,0,2,0,3,0,3
spotbugs-maven-plugin,org.codehaus.mojo.spotbugs,SpotBugsPluginsTrait.Trait.Helper._buildBugTypeUrlMap_closure7,0,55,2,12,0,3,2,8,0,3
spotbugs-maven-plugin,com.github.spotbugs,StubOverrideFixer,10,66,0,2,3,15,1,7,1,6
