GROUP,PACKAGE,CLASS,INSTRUCTION_MISSED,INSTRUCTION_COVERED,BRANCH_MISSED,BRANCH_COVERED,LINE_MISSED,LINE_COVERED,COMPLEXITY_MISSED,COMPLEXITY_COVERED,METHOD_MISSED,METHOD_COVERED
spotbugs-maven-plugin,com.github.spotbugs.spotbugs_maven_plugin,HelpMojo,773,0,112,0,156,0,72,0,16,0
spotbugs-maven-plugin,org.codehaus.mojo.spotbugs,SpotbugsReportGenerator._assembleJxrHyperlink_closure3,76,0,4,0,5,0,5,0,3,0
spotbugs-maven-plugin,org.codehaus.mojo.spotbugs,SpotbugsReportGenerator._assembleJxrHyperlink_closure4,76,0,4,0,5,0,5,0,3,0
spotbugs-maven-plugin,org.codehaus.mojo.spotbugs,BaseViolationCheckMojo._walkFiles_closure4._closure7,22,0,0,0,1,0,3,0,3,0
spotbugs-maven-plugin,org.codehaus.mojo.spotbugs,SpotBugsGui._execute_closure1._closure3._closure4,61,0,6,0,3,0,6,0,3,0
spotbugs-maven-plugin,org.codehaus.mojo.spotbugs,SpotBugsMojo,3133,15,291,1,374,3,164,2,18,2
spotbugs-maven-plugin,org.codehaus.mojo.spotbugs,SpotBugsGui._execute_closure1._closure3,18,0,0,0,1,0,3,0,3,0
spotbugs-maven-plugin,org.codehaus.mojo.spotbugs,SpotBugsMojo._executeSpotbugs_closure15._closure24._closure27,53,0,2,0,3,0,4,0,3,0
spotbugs-maven-plugin,org.codehaus.mojo.spotbugs,ResourceHelper._getResourceAsFile_closure1,0,24,0,0,0,1,0,3,0,3
spotbugs-maven-plugin,org.codehaus.mojo.spotbugs,SpotBugsGui._execute_closure1._closure2,51,0,2,0,3,0,4,0,3,0
spotbugs-maven-plugin,org.codehaus.mojo.spotbugs,BaseViolationCheckMojo,652,16,63,1,65,4,36,1,4,1
spotbugs-maven-plugin,org.codehaus.mojo.spotbugs,XDocsReporter._generateReport_closure1._closure2._closure3,60,32,2,2,4,5,2,3,0,3
spotbugs-maven-plugin,org.codehaus.mojo.spotbugs,XDocsReporter._generateReport_closure1._closure2,32,62,1,1,1,6,1,3,0,3
spotbugs-maven-plugin,org.codehaus.mojo.spotbugs,ResourceHelper,59,301,10,12,5,33,10,6,0,5
spotbugs-maven-plugin,org.codehaus.mojo.spotbugs,XDocsReporter._generateReport_closure1._closure2._closure4,61,7,2,0,3,0,2,2,1,2
spotbugs-maven-plugin,org.codehaus.mojo.spotbugs,XDocsReporter._generateReport_closure1._closure2._closure5,0,39,0,0,0,3,0,3,0,3
spotbugs-maven-plugin,org.codehaus.mojo.spotbugs,XDocsReporter._generateReport_closure1._closure2._closure6,2,51,2,2,1,5,2,3,0,3
spotbugs-maven-plugin,org.codehaus.mojo.spotbugs,SpotBugsMojo._createSpotbugsAuxClasspathFile_closure14,35,0,2,0,3,0,4,0,3,0
spotbugs-maven-plugin,org.codehaus.mojo.spotbugs,SpotBugsMojo._createSpotbugsAuxClasspathFile_closure13,17,0,0,0,1,0,3,0,3,0
spotbugs-maven-plugin,org.codehaus.mojo.spotbugs,SourceFileIndexer,41,286,12,22,4,40,12,9,0,4
spotbugs-maven-plugin,org.codehaus.mojo.spotbugs,SpotBugsMojo._executeSpotbugs_closure20,16,0,0,0,1,0,3,0,3,0
spotbugs-maven-plugin,org.codehaus.mojo.spotbugs,XDocsReporter._generateReport_closure1,26,64,1,1,1,4,1,3,0,3
spotbugs-maven-plugin,org.codehaus.mojo.spotbugs,BaseViolationCheckMojo._execute_closure1,117,0,18,0,11,0,12,0,3,0
spotbugs-maven-plugin,org.codehaus.mojo.spotbugs,XDocsReporter._generateReport_closure1._closure2._closure4._closure7,25,0,0,0,1,0,3,0,3,0
spotbugs-maven-plugin,org.codehaus.mojo.spotbugs,SpotBugsMojo._executeSpotbugs_closure19._closure29,18,0,0,0,1,0,3,0,3,0
spotbugs-maven-plugin,org.codehaus.mojo.spotbugs,SpotBugsPluginsTrait.Trait.Helper._getSpotbugsPlugins_closure1,110,0,6,0,7,0,6,0,3,0
spotbugs-maven-plugin,org.codehaus.mojo.spotbugs,SpotBugsPluginsTrait.Trait.Helper._getSpotbugsPlugins_closure2,165,0,8,0,11,0,7,0,3,0
spotbugs-maven-plugin,org.codehaus.mojo.spotbugs,SpotBugsMojo._executeSpotbugs_closure22,18,0,0,0,1,0,3,0,3,0
spotbugs-maven-plugin,org.codehaus.mojo.spotbugs,SpotBugsMojo._executeSpotbugs_closure21,19,0,0,0,1,0,3,0,3,0
spotbugs-maven-plugin,org.codehaus.mojo.spotbugs,SpotBugsMojo._executeSpotbugs_closure19,30,0,0,0,1,0,3,0,3,0
spotbugs-maven-plugin,org.codehaus.mojo.spotbugs,SpotBugsGui,240,0,18,0,20,0,13,0,4,0
spotbugs-maven-plugin,org.codehaus.mojo.spotbugs,SpotBugsMojo._executeSpotbugs_closure18,30,0,0,0,1,0,3,0,3,0
spotbugs-maven-plugin,org.codehaus.mojo.spotbugs,SpotBugsMojo._canGenerateReport_closure1,47,0,12,0,3,0,9,0,3,0
spotbugs-maven-plugin,org.codehaus.mojo.spotbugs,SpotBugsMojo._canGenerateReport_closure2,11,0,0,0,1,0,3,0,3,0
spotbugs-maven-plugin,org.codehaus.mojo.spotbugs,SpotBugsMojo._executeSpotbugs_closure18._closure28,18,0,0,0,1,0,3,0,3,0
spotbugs-maven-plugin,org.codehaus.mojo.spotbugs,ResourceHelper._getResourceAsFile_closure1._closure2._closure3._closure4,0,18,0,0,0,1,0,3,0,3
spotbugs-maven-plugin,org.codehaus.mojo.spotbugs,SpotBugsMojo._getSpotbugsArgs_closure4,35,0,2,0,2,0,4,0,3,0
spotbugs-maven-plugin,org.codehaus.mojo.spotbugs,ResourceHelper._getResourceAsFile_closure1._closure2,0,32,0,0,0,1,0,3,0,3
spotbugs-maven-plugin,org.codehaus.mojo.spotbugs,SpotBugsMojo._getSpotbugsArgs_closure5,36,0,0,0,2,0,3,0,3,0
spotbugs-maven-plugin,org.codehaus.mojo.spotbugs,SpotbugsReportGenerator._printBug_closure2,65,198,4,4,5,28,4,3,0,3
spotbugs-maven-plugin,org.codehaus.mojo.spotbugs,SpotBugsMojo._getSpotbugsArgs_closure6,36,0,0,0,2,0,3,0,3,0
spotbugs-maven-plugin,org.codehaus.mojo.spotbugs,SpotBugsMojo._getSpotbugsArgs_closure7,36,0,0,0,2,0,3,0,3,0
spotbugs-maven-plugin,org.codehaus.mojo.spotbugs,SpotBugsMojo._getSpotbugsArgs_closure8,36,0,0,0,2,0,3,0,3,0
spotbugs-maven-plugin,org.codehaus.mojo.spotbugs,XDocsReporter._generateReport_closure1._closure2._closure4._closure7._closure8,156,0,6,0,11,0,6,0,3,0
spotbugs-maven-plugin,org.codehaus.mojo.spotbugs,SpotBugsMojo._getSpotbugsArgs_closure9,36,0,0,0,2,0,3,0,3,0
spotbugs-maven-plugin,org.codehaus.mojo.spotbugs,XDocsReporter._generateReport_closure1._closure2._closure4._closure7._closure8._closure9,16,0,0,0,1,0,3,0,3,0
spotbugs-maven-plugin,org.codehaus.mojo.spotbugs,BaseViolationCheckMojo._walkFiles_closure2._closure6,22,0,0,0,1,0,3,0,3,0
spotbugs-maven-plugin,org.codehaus.mojo.spotbugs,BaseViolationCheckMojo._walkFiles_closure4,24,0,0,0,1,0,3,0,3,0
spotbugs-maven-plugin,org.codehaus.mojo.spotbugs,SpotBugsMojo._executeSpotbugs_closure17,13,0,0,0,1,0,3,0,3,0
spotbugs-maven-plugin,org.codehaus.mojo.spotbugs,SpotBugsMojo._executeSpotbugs_closure16,13,0,0,0,1,0,3,0,3,0
spotbugs-maven-plugin,org.codehaus.mojo.spotbugs,BaseViolationCheckMojo._walkFiles_closure2,24,0,0,0,1,0,3,0,3,0
spotbugs-maven-plugin,org.codehaus.mojo.spotbugs,SpotBugsMojo._executeSpotbugs_closure15,172,0,14,0,11,0,10,0,3,0
spotbugs-maven-plugin,org.codehaus.mojo.spotbugs,BaseViolationCheckMojo._printBugs_closure5,23,0,0,0,1,0,3,0,3,0
spotbugs-maven-plugin,org.codehaus.mojo.spotbugs,BaseViolationCheckMojo._walkFiles_closure3,19,0,0,0,1,0,3,0,3,0
spotbugs-maven-plugin,org.codehaus.mojo.spotbugs,SpotBugsGui._execute_closure1,135,0,4,0,9,0,5,0,3,0
spotbugs-maven-plugin,org.codehaus.mojo.spotbugs,XDocsReporter,27,148,9,19,2,24,9,9,0,4
spotbugs-maven-plugin,org.codehaus.mojo.spotbugs,XDocsReporter._generateReport_closure1._closure2._closure6._closure13,24,17,1,1,1,2,1,3,0,3
spotbugs-maven-plugin,org.codehaus.mojo.spotbugs,XDocsReporter._generateReport_closure1._closure2._closure6._closure12,24,17,1,1,1,2,1,3,0,3
spotbugs-maven-plugin,org.codehaus.mojo.spotbugs,SpotbugsReportGenerator,329,838,24,8,39,160,18,10,2,10
spotbugs-maven-plugin,org.codehaus.mojo.spotbugs,SpotBugsMojo._getSpotbugsArgs_closure12,27,0,0,0,1,0,3,0,3,0
spotbugs-maven-plugin,org.codehaus.mojo.spotbugs,SpotBugsMojo._getSpotbugsArgs_closure11,27,0,0,0,1,0,3,0,3,0
spotbugs-maven-plugin,org.codehaus.mojo.spotbugs,SpotBugsMojo._getSpotbugsArgs_closure10,36,0,0,0,2,0,3,0,3,0
spotbugs-maven-plugin,org.codehaus.mojo.spotbugs,SpotBugsInfo,0,111,0,0,0,2,0,1,0,1
spotbugs-maven-plugin,org.codehaus.mojo.spotbugs,SpotBugsMojo._executeSpotbugs_closure15._closure24,18,0,0,0,1,0,3,0,3,0
spotbugs-maven-plugin,org.codehaus.mojo.spotbugs,SpotBugsMojo._executeSpotbugs_closure15._closure23,51,0,2,0,3,0,4,0,3,0
spotbugs-maven-plugin,org.codehaus.mojo.spotbugs,SpotBugsMojo._executeSpotbugs_closure15._closure26,71,0,2,0,3,0,4,0,3,0
spotbugs-maven-plugin,org.codehaus.mojo.spotbugs,ResourceHelper._getResourceAsFile_closure1._closure2._closure3,0,24,0,0,0,1,0,3,0,3
spotbugs-maven-plugin,org.codehaus.mojo.spotbugs,SpotBugsMojo._executeSpotbugs_closure15._closure25,51,0,2,0,3,0,4,0,3,0
spotbugs-maven-plugin,org.codehaus.mojo.spotbugs,SpotbugsReportGenerator._printFilesSummary_closure5,2,85,1,1,1,14,1,3,0,3
spotbugs-maven-plugin,org.codehaus.mojo.spotbugs,XDocsReporter._generateReport_closure1._closure2._closure5._closure11,0,12,0,0,0,1,0,3,0,3
spotbugs-maven-plugin,org.codehaus.mojo.spotbugs,XDocsReporter._generateReport_closure1._closure2._closure5._closure10,0,13,0,0,0,1,0,3,0,3
spotbugs-maven-plugin,org.codehaus.mojo.spotbugs,SpotBugsMojo._isJxrPluginEnabled_closure3,61,0,4,0,5,0,5,0,3,0
spotbugs-maven-plugin,org.codehaus.mojo.spotbugs,SpotbugsReportGenerator._printBody_closure1,24,17,1,1,1,2,1,3,0,3
spotbugs-maven-plugin,com.github.spotbugs,StubOverrideFixer,76,0,2,0,18,0,8,0,7,0
